[2024-09-08 21:22:51,166:INFO:common:yaml file: config\config.yaml loaded successfully]
[2024-09-08 21:22:51,170:INFO:common:yaml file: params.yaml loaded successfully]
[2024-09-08 21:22:51,172:INFO:common:created directory at: artifacts]
[2024-09-08 21:31:37,926:INFO:common:yaml file: config\config.yaml loaded successfully]
[2024-09-08 21:31:37,930:INFO:common:yaml file: params.yaml loaded successfully]
[2024-09-08 21:31:37,934:INFO:common:created directory at: artifacts]
[2024-09-08 21:31:37,938:INFO:common:created directory at: artifacts/data_ingestion]
[2024-09-08 21:31:37,942:INFO:3484268774:Download data from https://drive.google.com/file/d/16HUC-vzVeF2eZdy_kCBoEgCLQREr-UZG/view?usp=sharing into file artifacts/data_ingestion/data.zip]
[2024-09-08 21:34:22,890:INFO:3484268774:Downloaded data from https://drive.google.com/file/d/16HUC-vzVeF2eZdy_kCBoEgCLQREr-UZG/view?usp=sharing into file artifacts/data_ingestion/data.zip]
[2024-09-08 21:49:16,456:INFO:common:yaml file: config\config.yaml loaded successfully]
[2024-09-08 21:49:16,460:INFO:common:yaml file: params.yaml loaded successfully]
[2024-09-08 21:49:16,463:INFO:common:created directory at: artifacts]
[2024-09-08 21:49:16,466:INFO:common:created directory at: artifacts/data_ingestion]
[2024-09-08 21:49:16,470:INFO:3484268774:Download data from https://drive.google.com/file/d/16HUC-vzVeF2eZdy_kCBoEgCLQREr-UZG into file artifacts/data_ingestion/data.zip]
[2024-09-08 21:49:40,773:INFO:common:yaml file: config\config.yaml loaded successfully]
[2024-09-08 21:49:40,776:INFO:common:yaml file: params.yaml loaded successfully]
[2024-09-08 21:49:40,779:INFO:common:created directory at: artifacts]
[2024-09-08 21:49:40,782:INFO:common:created directory at: artifacts/data_ingestion]
[2024-09-08 21:49:40,786:INFO:3484268774:Download data from https://drive.google.com/file/d/16HUC-vzVeF2eZdy_kCBoEgCLQREr-UZG/view?usp=sharing into file artifacts/data_ingestion/data.zip]
[2024-09-08 22:01:56,717:INFO:common:yaml file: config\config.yaml loaded successfully]
[2024-09-08 22:01:56,721:INFO:common:yaml file: params.yaml loaded successfully]
[2024-09-08 22:01:56,724:INFO:common:created directory at: artifacts]
[2024-09-08 22:01:56,726:INFO:common:created directory at: artifacts/data_ingestion]
[2024-09-08 22:01:56,730:INFO:3484268774:Download data from https://drive.google.com/file/d/16HUC-vzVeF2eZdy_kCBoEgCLQREr-UZG/view?usp=sharing into file artifacts/data_ingestion/data.zip]
[2024-09-08 22:03:23,561:INFO:common:yaml file: config\config.yaml loaded successfully]
[2024-09-08 22:03:23,565:INFO:common:yaml file: params.yaml loaded successfully]
[2024-09-08 22:03:23,568:INFO:common:created directory at: artifacts]
[2024-09-08 22:03:23,572:INFO:common:created directory at: artifacts/data_ingestion]
[2024-09-08 22:03:23,574:INFO:4243055644:Download data from https://drive.google.com/file/d/16HUC-vzVeF2eZdy_kCBoEgCLQREr-UZG/view?usp=sharing into file artifacts/data_ingestion/data.zip]
[2024-09-09 17:39:56,372:INFO:common:yaml file: config\config.yaml loaded successfully]
[2024-09-09 17:39:56,395:INFO:common:yaml file: params.yaml loaded successfully]
[2024-09-09 17:39:56,399:INFO:common:created directory at: artifacts]
[2024-09-09 17:39:56,404:INFO:common:created directory at: artifacts/data_ingestion]
[2024-09-09 17:39:56,408:INFO:3857755054:Download data from https://drive.google.com/file/d/16HUC-vzVeF2eZdy_kCBoEgCLQREr-UZG/view?usp=sharing into file artifacts/data_ingestion/data.zip]
[2024-09-09 17:45:23,191:INFO:common:yaml file: config\config.yaml loaded successfully]
[2024-09-09 17:45:23,197:INFO:common:yaml file: params.yaml loaded successfully]
[2024-09-09 17:45:23,200:INFO:common:created directory at: artifacts]
[2024-09-09 17:45:23,202:INFO:common:created directory at: artifacts/data_ingestion]
[2024-09-09 17:45:23,206:INFO:3857755054:Download data from https://drive.google.com/file/d/16HUC-vzVeF2eZdy_kCBoEgCLQREr-UZG/view?usp=sharing into file artifacts/data_ingestion/data.zip]
[2024-09-09 17:49:41,404:INFO:common:yaml file: config\config.yaml loaded successfully]
[2024-09-09 17:49:41,408:INFO:common:yaml file: params.yaml loaded successfully]
[2024-09-09 17:49:41,411:INFO:common:created directory at: artifacts]
[2024-09-09 17:49:41,415:INFO:common:created directory at: artifacts/data_ingestion]
[2024-09-09 17:49:41,420:INFO:3159443357:Download data from https://drive.google.com/file/d/16HUC-vzVeF2eZdy_kCBoEgCLQREr-UZG/view?usp=sharing into file artifacts/data_ingestion/data.zip]
[2024-09-09 17:52:46,323:INFO:3159443357:Downloaded data from https://drive.google.com/file/d/16HUC-vzVeF2eZdy_kCBoEgCLQREr-UZG/view?usp=sharing into file artifacts/data_ingestion/data.zip]
[2024-09-09 20:19:44,205:INFO:common:yaml file: config\config.yaml loaded successfully]
[2024-09-09 20:19:44,209:INFO:common:yaml file: params.yaml loaded successfully]
[2024-09-09 20:19:44,213:INFO:common:created directory at: artifacts]
[2024-09-09 20:19:44,216:INFO:common:created directory at: artifacts/data_ingestion]
[2024-09-09 20:19:44,220:INFO:3159443357:Download data from https://drive.google.com/file/d/16HUC-vzVeF2eZdy_kCBoEgCLQREr-UZG/view?usp=sharing into file artifacts/data_ingestion/data.zip]
[2024-09-09 20:22:42,414:INFO:3159443357:Downloaded data from https://drive.google.com/file/d/16HUC-vzVeF2eZdy_kCBoEgCLQREr-UZG/view?usp=sharing into file artifacts/data_ingestion/data.zip]
